<?xml version="1.0" encoding="utf-8"?><testsuites name="pytest tests"><testsuite name="pytest" errors="0" failures="0" skipped="0" tests="12" time="1.483" timestamp="2026-07-03T09:06:35.452337+00:00" hostname="agent-env-d6c14dfb-e0c0-4402-8ab7-8c1f6d613c9f"><testcase classname="backend.tests.test_examvault_backend" name="test_root" time="0.318" /><testcase classname="backend.tests.test_examvault_backend" name="test_stats" time="0.046" /><testcase classname="backend.tests.test_examvault_backend" name="test_exams_centres" time="0.087" /><testcase classname="backend.tests.test_examvault_backend" name="test_verify_candidate" time="0.091" /><testcase classname="backend.tests.test_examvault_backend" name="test_admit_card" time="0.087" /><testcase classname="backend.tests.test_examvault_backend" name="test_result" time="0.042" /><testcase classname="backend.tests.test_examvault_backend" name="test_certificate_verify" time="0.042" /><testcase classname="backend.tests.test_examvault_backend" name="test_vault_flow" time="0.458" /><testcase classname="backend.tests.test_examvault_backend" name="test_centre_dashboard" time="0.044" /><testcase classname="backend.tests.test_examvault_backend" name="test_answer_sheets" time="0.040" /><testcase classname="backend.tests.test_examvault_backend" name="test_evaluator_flow" time="0.101" /><testcase classname="backend.tests.test_examvault_backend" name="test_analytics" time="0.043" /></testsuite></testsuites>